<?xml version="1.0" encoding="utf-8"?><testsuites name="pytest tests"><testsuite name="pytest" errors="0" failures="0" skipped="0" tests="28" time="2.595" timestamp="2026-09-06T16:20:06.017169+10:00" hostname="Myvictus"><testcase classname="tests.test_baselines" name="test_persistence_equals_occupied_now" time="0.002" /><testcase classname="tests.test_baselines" name="test_markov_baseline_learns_conditional_rates" time="0.011" /><testcase classname="tests.test_baselines" name="test_markov_baseline_falls_back_to_global_rate_for_unseen_combo" time="0.004" /><testcase classname="tests.test_baselines" name="test_markov_baseline_predict_before_fit_raises" time="0.001" /><testcase classname="tests.test_evaluation" name="test_chronological_split_respects_train_frac_and_time_order" time="0.003" /><testcase classname="tests.test_evaluation" name="test_chronological_split_rejects_invalid_train_frac[0.0]" time="0.001" /><testcase classname="tests.test_evaluation" name="test_chronological_split_rejects_invalid_train_frac[1.0]" time="0.001" /><testcase classname="tests.test_evaluation" name="test_chronological_split_rejects_invalid_train_frac[-0.1]" time="0.001" /><testcase classname="tests.test_evaluation" name="test_chronological_split_rejects_invalid_train_frac[1.5]" time="0.001" /><testcase classname="tests.test_evaluation" name="test_evaluate_predictions_perfect_predictions" time="0.018" /><testcase classname="tests.test_evaluation" name="test_evaluate_predictions_single_class_gives_nan_roc_auc" time="0.003" /><testcase classname="tests.test_features" name="test_lag_rolling_and_target_are_computed_correctly" time="0.008" /><testcase classname="tests.test_features" name="test_calendar_features_are_bounded" time="0.007" /><testcase classname="tests.test_features" name="test_rooms_do_not_leak_into_each_others_lag_or_rolling_features" time="0.007" /><testcase classname="tests.test_features" name="test_raises_on_empty_input" time="0.001" /><testcase classname="tests.test_model" name="test_pipeline_fits_and_predicts_valid_probabilities[build_logistic_pipeline]" time="0.029" /><testcase classname="tests.test_model" name="test_pipeline_fits_and_predicts_valid_probabilities[build_random_forest_pipeline]" time="0.099" /><testcase classname="tests.test_model" name="test_pipeline_handles_unseen_room_category_at_predict_time[build_logistic_pipeline]" time="0.010" /><testcase classname="tests.test_model" name="test_pipeline_handles_unseen_room_category_at_predict_time[build_random_forest_pipeline]" time="0.085" /><testcase classname="tests.test_model" name="test_random_forest_pipeline_is_reproducible_with_fixed_random_state" time="0.106" /><testcase classname="tests.test_preprocessing" name="test_binary_status_mapping" time="0.040" /><testcase classname="tests.test_preprocessing" name="test_forward_fill_within_max_gap" time="0.037" /><testcase classname="tests.test_preprocessing" name="test_gap_beyond_max_gap_becomes_missing" time="0.026" /><testcase classname="tests.test_preprocessing" name="test_rooms_are_independent" time="0.034" /><testcase classname="tests.test_preprocessing" name="test_coverage_summary_reports_missing_fraction" time="0.032" /><testcase classname="tests.test_preprocessing" name="test_unknown_occupied_statuses_raises_via_data_loading" time="0.006" /><testcase classname="tests.test_rooms" name="test_known_room_returns_friendly_name" time="0.003" /><testcase classname="tests.test_rooms" name="test_unknown_room_returns_placeholder_not_a_made_up_name" time="0.002" /></testsuite></testsuites>